<?xml version="1.0" encoding="UTF-8"?>
<!-- Generated by org.testng.reporters.JUnitXMLReporter -->
<testsuite hostname="PC4066" ignored="7" name="Acknowledgement Selection Test Cases" tests="2" failures="0" timestamp="20 Jan 2021 15:54:59 GMT" time="142.658" errors="0">
  <testcase name="LogoutNo" time="64.775" classname="RegressionSuite.DecisionFRegressionTestcases"/>
  <testcase name="LogoutYes" time="60.669" classname="RegressionSuite.DecisionFRegressionTestcases"/>
  <testcase name="VerifyTooltip" time="0.0" classname="RegressionSuite.DecisionFRegressionTestcases">
    <ignored/>
  </testcase> <!-- VerifyTooltip -->
  <testcase name="ChangeDecisionFunctionality" time="0.0" classname="RegressionSuite.DecisionFRegressionTestcases">
    <ignored/>
  </testcase> <!-- ChangeDecisionFunctionality -->
  <testcase name="VerifyResetAllbutton" time="0.0" classname="RegressionSuite.DecisionFRegressionTestcases">
    <ignored/>
  </testcase> <!-- VerifyResetAllbutton -->
  <testcase name="AcknowedgementItemforPayment" time="0.0" classname="RegressionSuite.DecisionFRegressionTestcases">
    <ignored/>
  </testcase> <!-- AcknowedgementItemforPayment -->
  <testcase name="VerifyAmountdueReportFraud" time="0.0" classname="RegressionSuite.DecisionFRegressionTestcases">
    <ignored/>
  </testcase> <!-- VerifyAmountdueReportFraud -->
  <testcase name="Verifypayeefraudamountandamountselectedpaynowtransaction" time="0.0" classname="RegressionSuite.DecisionFRegressionTestcases">
    <ignored/>
  </testcase> <!-- Verifypayeefraudamountandamountselectedpaynowtransaction -->
  <testcase name="SelectPaymentOption" time="0.0" classname="RegressionSuite.DecisionFRegressionTestcases">
    <ignored/>
  </testcase> <!-- SelectPaymentOption -->
</testsuite> <!-- Acknowledgement Selection Test Cases -->
