<?xml version="1.0" encoding="UTF-8"?>
<!-- Generated by org.testng.reporters.JUnitXMLReporter -->
<testsuite hostname="PC4066" ignored="0" name="Acknowledgement Selection Test Cases" tests="2" failures="0" timestamp="20 Nov 2020 12:39:03 GMT" time="95.989" errors="0">
  <testcase name="VerifyAcknowedgementSelection" time="46.825" classname="TestCases.AcknowedgementSelection"/>
  <testcase name="VerifyCashAmountandOverdueAmount" time="25.915" classname="TestCases.AcknowedgementSelection"/>
</testsuite> <!-- Acknowledgement Selection Test Cases -->
