<?xml version="1.0" encoding="UTF-8"?>
<testng-results skipped="0" failed="0" ignored="7" total="9" passed="2">
  <reporter-output>
  </reporter-output>
  <suite name="Acknowledgement Selection Test Suite" duration-ms="142658" started-at="2021-01-20T15:52:36Z" finished-at="2021-01-20T15:54:59Z">
    <groups>
    </groups>
    <test name="Acknowledgement Selection Test Cases" duration-ms="142658" started-at="2021-01-20T15:52:36Z" finished-at="2021-01-20T15:54:59Z">
      <class name="RegressionSuite.DecisionFRegressionTestcases">
        <test-method status="PASS" signature="beforeClass(java.lang.String, java.lang.String)[pri:0, instance:RegressionSuite.DecisionFRegressionTestcases@2f686d1f]" name="beforeClass" is-config="true" duration-ms="10637" started-at="2021-01-20T15:52:36Z" finished-at="2021-01-20T15:52:47Z">
          <params>
            <param index="0">
              <value>
                <![CDATA[chrome]]>
              </value>
            </param>
            <param index="1">
              <value>
                <![CDATA[C:\Program Files\chromedriver.exe]]>
              </value>
            </param>
          </params>
          <reporter-output>
          </reporter-output>
        </test-method> <!-- beforeClass -->
        <test-method status="PASS" signature="beforeMethod(java.lang.String, java.lang.reflect.Method)[pri:0, instance:RegressionSuite.DecisionFRegressionTestcases@2f686d1f]" name="beforeMethod" is-config="true" duration-ms="395" started-at="2021-01-20T15:52:47Z" finished-at="2021-01-20T15:52:47Z">
          <params>
            <param index="0">
              <value>
                <![CDATA[chrome]]>
              </value>
            </param>
            <param index="1">
              <value>
                <![CDATA[public void RegressionSuite.DecisionFRegressionTestcases.LogoutNo() throws java.lang.Exception]]>
              </value>
            </param>
          </params>
          <reporter-output>
          </reporter-output>
        </test-method> <!-- beforeMethod -->
        <test-method status="PASS" signature="LogoutNo()[pri:0, instance:RegressionSuite.DecisionFRegressionTestcases@2f686d1f]" name="LogoutNo" duration-ms="64775" started-at="2021-01-20T15:52:47Z" finished-at="2021-01-20T15:53:52Z">
          <reporter-output>
          </reporter-output>
        </test-method> <!-- LogoutNo -->
        <test-method status="PASS" signature="afterMethod(org.testng.ITestResult, java.lang.reflect.Method)[pri:0, instance:RegressionSuite.DecisionFRegressionTestcases@2f686d1f]" name="afterMethod" is-config="true" duration-ms="2779" started-at="2021-01-20T15:53:52Z" finished-at="2021-01-20T15:53:55Z">
          <params>
            <param index="0">
              <value>
                <![CDATA[[TestResult name=LogoutNo status=SUCCESS method=DecisionFRegressionTestcases.LogoutNo()[pri:0, instance:RegressionSuite.DecisionFRegressionTestcases@2f686d1f] output={null}]]]>
              </value>
            </param>
            <param index="1">
              <value>
                <![CDATA[public void RegressionSuite.DecisionFRegressionTestcases.LogoutNo() throws java.lang.Exception]]>
              </value>
            </param>
          </params>
          <reporter-output>
          </reporter-output>
        </test-method> <!-- afterMethod -->
        <test-method status="PASS" signature="beforeMethod(java.lang.String, java.lang.reflect.Method)[pri:0, instance:RegressionSuite.DecisionFRegressionTestcases@2f686d1f]" name="beforeMethod" is-config="true" duration-ms="1" started-at="2021-01-20T15:53:55Z" finished-at="2021-01-20T15:53:55Z">
          <params>
            <param index="0">
              <value>
                <![CDATA[chrome]]>
              </value>
            </param>
            <param index="1">
              <value>
                <![CDATA[public void RegressionSuite.DecisionFRegressionTestcases.LogoutYes() throws java.lang.Exception]]>
              </value>
            </param>
          </params>
          <reporter-output>
          </reporter-output>
        </test-method> <!-- beforeMethod -->
        <test-method status="PASS" signature="LogoutYes()[pri:0, instance:RegressionSuite.DecisionFRegressionTestcases@2f686d1f]" name="LogoutYes" duration-ms="60669" started-at="2021-01-20T15:53:55Z" finished-at="2021-01-20T15:54:55Z">
          <reporter-output>
          </reporter-output>
        </test-method> <!-- LogoutYes -->
        <test-method status="PASS" signature="afterMethod(org.testng.ITestResult, java.lang.reflect.Method)[pri:0, instance:RegressionSuite.DecisionFRegressionTestcases@2f686d1f]" name="afterMethod" is-config="true" duration-ms="2166" started-at="2021-01-20T15:54:55Z" finished-at="2021-01-20T15:54:58Z">
          <params>
            <param index="0">
              <value>
                <![CDATA[[TestResult name=LogoutYes status=SUCCESS method=DecisionFRegressionTestcases.LogoutYes()[pri:0, instance:RegressionSuite.DecisionFRegressionTestcases@2f686d1f] output={null}]]]>
              </value>
            </param>
            <param index="1">
              <value>
                <![CDATA[public void RegressionSuite.DecisionFRegressionTestcases.LogoutYes() throws java.lang.Exception]]>
              </value>
            </param>
          </params>
          <reporter-output>
          </reporter-output>
        </test-method> <!-- afterMethod -->
        <test-method status="PASS" signature="terminateReport()[pri:0, instance:RegressionSuite.DecisionFRegressionTestcases@2f686d1f]" name="terminateReport" is-config="true" duration-ms="1178" started-at="2021-01-20T15:54:58Z" finished-at="2021-01-20T15:54:59Z">
          <reporter-output>
          </reporter-output>
        </test-method> <!-- terminateReport -->
      </class> <!-- RegressionSuite.DecisionFRegressionTestcases -->
    </test> <!-- Acknowledgement Selection Test Cases -->
  </suite> <!-- Acknowledgement Selection Test Suite -->
</testng-results>
